2024-11-12 19:17:31,093 - INFO - Starting academic paper scraping analysis
2024-11-12 19:17:31,093 - INFO - Running in TEST mode - processing every 1th link
2024-11-12 19:17:31,093 - INFO - Analyzing top 80 domains per category
2024-11-12 19:17:31,093 - INFO - Reading input file from: c:\Users\Jared\Desktop\rsrchproj\algorithmic-media\python_scraper\original_data.csv
2024-11-12 19:17:31,149 - INFO - Processing 1 URLs for category: repo
2024-11-12 19:17:32,281 - INFO - Processing 314 URLs for category: scientific
2024-11-12 19:18:47,694 - WARNING - Certificate did not match expected hostname: www.spectrum.ieee.org. Certificate: {'subject': ((('commonName', 'n.sni-347-default.ssl.fastly.net'),),), 'issuer': ((('countryName', 'BE'),), (('organizationName', 'GlobalSign nv-sa'),), (('commonName', 'GlobalSign Atlas R3 DV TLS CA 2024 Q1'),)), 'version': 3, 'serialNumber': '01D77810134FD0409D73C224C51A96A8', 'notBefore': 'Jan 12 05:01:47 2024 GMT', 'notAfter': 'Feb 12 05:01:46 2025 GMT', 'subjectAltName': (('DNS', 'n.sni-347-default.ssl.fastly.net'),), 'OCSP': ('http://ocsp.globalsign.com/ca/gsatlasr3dvtlsca2024q1',), 'caIssuers': ('http://secure.globalsign.com/cacert/gsatlasr3dvtlsca2024q1.crt',), 'crlDistributionPoints': ('http://crl.globalsign.com/ca/gsatlasr3dvtlsca2024q1.crl',)}
2024-11-12 19:20:18,182 - WARNING - Some characters could not be decoded, and were replaced with REPLACEMENT CHARACTER.
2024-11-12 19:20:40,588 - WARNING - Failed to process comment URL http://en.wikipedia.org/wiki/Diatoms).: 404 Client Error: Not Found for url: https://en.wikipedia.org/wiki/Diatoms).
2024-11-12 19:20:43,465 - WARNING - Failed to process comment URL http://www.ipsnews.net/news.asp?idnews=39212).: 404 Client Error: Not Found for url: http://www.ipsnews.net/news.asp?idnews=39212).
2024-11-12 19:21:00,588 - WARNING - Certificate did not match expected hostname: www.spectrum.ieee.org. Certificate: {'subject': ((('commonName', 'n.sni-347-default.ssl.fastly.net'),),), 'issuer': ((('countryName', 'BE'),), (('organizationName', 'GlobalSign nv-sa'),), (('commonName', 'GlobalSign Atlas R3 DV TLS CA 2024 Q1'),)), 'version': 3, 'serialNumber': '01D77810134FD0409D73C224C51A96A8', 'notBefore': 'Jan 12 05:01:47 2024 GMT', 'notAfter': 'Feb 12 05:01:46 2025 GMT', 'subjectAltName': (('DNS', 'n.sni-347-default.ssl.fastly.net'),), 'OCSP': ('http://ocsp.globalsign.com/ca/gsatlasr3dvtlsca2024q1',), 'caIssuers': ('http://secure.globalsign.com/cacert/gsatlasr3dvtlsca2024q1.crt',), 'crlDistributionPoints': ('http://crl.globalsign.com/ca/gsatlasr3dvtlsca2024q1.crl',)}
2024-11-12 19:21:41,861 - WARNING - Failed to process comment URL http://en.wikipedia.org/wiki/Steam_engine): 404 Client Error: Not Found for url: https://en.wikipedia.org/wiki/Steam_engine)
2024-11-12 19:21:47,667 - WARNING - Failed to process comment URL http://en.wikipedia.org/wiki/Electrolysis_of_water).: 404 Client Error: Not Found for url: https://en.wikipedia.org/wiki/Electrolysis_of_water).
2024-11-12 19:21:57,085 - WARNING - Failed to process comment URL http://en.wikipedia.org/wiki/Fuel_cells): 404 Client Error: Not Found for url: https://en.wikipedia.org/wiki/Fuel_cells)
2024-11-12 19:22:31,618 - WARNING - Failed to process comment URL http://en.wikipedia.org/wiki/Steam_engine): 404 Client Error: Not Found for url: https://en.wikipedia.org/wiki/Steam_engine)
2024-11-12 19:22:36,543 - WARNING - Failed to process comment URL http://en.wikipedia.org/wiki/Electrolysis_of_water).: 404 Client Error: Not Found for url: https://en.wikipedia.org/wiki/Electrolysis_of_water).
2024-11-12 19:22:46,074 - WARNING - Failed to process comment URL http://en.wikipedia.org/wiki/Fuel_cells): 404 Client Error: Not Found for url: https://en.wikipedia.org/wiki/Fuel_cells)
2024-11-12 19:27:10,670 - INFO - Processing 347 URLs for category: news
2024-11-12 19:30:17,659 - WARNING - Failed to process comment URL http://www.dagbladet.no/dinside/2007/09/07/511352.html,: 404 Client Error: Not Found for url: https://www.dagbladet.no/dinside/2007/09/07/511352.html,
2024-11-12 19:31:56,860 - WARNING - Failed to process comment URL http://newsvote.bbc.co.uk/mpapps/pagetools/print/news.bbc.co.uk/2/hi/science/nature/6983176.stm): 404 Client Error: Not Found for url: http://newsvote.bbc.co.uk/mpapps/pagetools/print/news.bbc.co.uk/2/hi/science/nature/6983176.stm)
2024-11-12 19:32:27,693 - WARNING - Failed to process comment URL http://newsvote.bbc.co.uk/mpapps/pagetools/print/news.bbc.co.uk/2/hi/science/nature/6983176.stm): 404 Client Error: Not Found for url: http://newsvote.bbc.co.uk/mpapps/pagetools/print/news.bbc.co.uk/2/hi/science/nature/6983176.stm)
2024-11-12 19:40:12,058 - INFO - Analysis complete - check scraping_results directory for reports
