2024-11-12 19:48:40,858 - INFO - Starting academic paper scraping analysis
2024-11-12 19:48:40,858 - INFO - Running in TEST mode - processing every 1th link
2024-11-12 19:48:40,858 - INFO - Analyzing top 100 domains per category
2024-11-12 19:48:40,858 - INFO - Reading input file from: c:\Users\Jared\Desktop\rsrchproj\algorithmic-media\python_scraper\original_data.csv
2024-11-12 19:48:40,914 - INFO - Processing 1 URLs for category: repo
2024-11-12 19:48:42,064 - INFO - Processing 314 URLs for category: scientific
2024-11-12 19:49:52,396 - WARNING - Certificate did not match expected hostname: www.spectrum.ieee.org. Certificate: {'subject': ((('commonName', 'n.sni-347-default.ssl.fastly.net'),),), 'issuer': ((('countryName', 'BE'),), (('organizationName', 'GlobalSign nv-sa'),), (('commonName', 'GlobalSign Atlas R3 DV TLS CA 2024 Q1'),)), 'version': 3, 'serialNumber': '01D77810134FD0409D73C224C51A96A8', 'notBefore': 'Jan 12 05:01:47 2024 GMT', 'notAfter': 'Feb 12 05:01:46 2025 GMT', 'subjectAltName': (('DNS', 'n.sni-347-default.ssl.fastly.net'),), 'OCSP': ('http://ocsp.globalsign.com/ca/gsatlasr3dvtlsca2024q1',), 'caIssuers': ('http://secure.globalsign.com/cacert/gsatlasr3dvtlsca2024q1.crt',), 'crlDistributionPoints': ('http://crl.globalsign.com/ca/gsatlasr3dvtlsca2024q1.crl',)}
2024-11-12 19:51:19,393 - WARNING - Some characters could not be decoded, and were replaced with REPLACEMENT CHARACTER.
2024-11-12 19:51:39,764 - WARNING - Failed to process comment URL http://en.wikipedia.org/wiki/Diatoms).: 404 Client Error: Not Found for url: https://en.wikipedia.org/wiki/Diatoms).
2024-11-12 19:51:42,462 - WARNING - Failed to process comment URL http://www.ipsnews.net/news.asp?idnews=39212).: 404 Client Error: Not Found for url: http://www.ipsnews.net/news.asp?idnews=39212).
2024-11-12 19:51:58,976 - WARNING - Certificate did not match expected hostname: www.spectrum.ieee.org. Certificate: {'subject': ((('commonName', 'n.sni-347-default.ssl.fastly.net'),),), 'issuer': ((('countryName', 'BE'),), (('organizationName', 'GlobalSign nv-sa'),), (('commonName', 'GlobalSign Atlas R3 DV TLS CA 2024 Q1'),)), 'version': 3, 'serialNumber': '01D77810134FD0409D73C224C51A96A8', 'notBefore': 'Jan 12 05:01:47 2024 GMT', 'notAfter': 'Feb 12 05:01:46 2025 GMT', 'subjectAltName': (('DNS', 'n.sni-347-default.ssl.fastly.net'),), 'OCSP': ('http://ocsp.globalsign.com/ca/gsatlasr3dvtlsca2024q1',), 'caIssuers': ('http://secure.globalsign.com/cacert/gsatlasr3dvtlsca2024q1.crt',), 'crlDistributionPoints': ('http://crl.globalsign.com/ca/gsatlasr3dvtlsca2024q1.crl',)}
2024-11-12 19:52:40,214 - WARNING - Failed to process comment URL http://en.wikipedia.org/wiki/Steam_engine): 404 Client Error: Not Found for url: https://en.wikipedia.org/wiki/Steam_engine)
2024-11-12 19:52:45,165 - WARNING - Failed to process comment URL http://en.wikipedia.org/wiki/Electrolysis_of_water).: 404 Client Error: Not Found for url: https://en.wikipedia.org/wiki/Electrolysis_of_water).
2024-11-12 19:52:54,480 - WARNING - Failed to process comment URL http://en.wikipedia.org/wiki/Fuel_cells): 404 Client Error: Not Found for url: https://en.wikipedia.org/wiki/Fuel_cells)
2024-11-12 19:53:28,529 - WARNING - Failed to process comment URL http://en.wikipedia.org/wiki/Steam_engine): 404 Client Error: Not Found for url: https://en.wikipedia.org/wiki/Steam_engine)
2024-11-12 19:53:33,308 - WARNING - Failed to process comment URL http://en.wikipedia.org/wiki/Electrolysis_of_water).: 404 Client Error: Not Found for url: https://en.wikipedia.org/wiki/Electrolysis_of_water).
2024-11-12 19:53:42,812 - WARNING - Failed to process comment URL http://en.wikipedia.org/wiki/Fuel_cells): 404 Client Error: Not Found for url: https://en.wikipedia.org/wiki/Fuel_cells)
2024-11-12 19:57:59,778 - INFO - Processing 352 URLs for category: news
2024-11-12 20:01:04,226 - WARNING - Failed to process comment URL http://www.dagbladet.no/dinside/2007/09/07/511352.html,: 404 Client Error: Not Found for url: https://www.dagbladet.no/dinside/2007/09/07/511352.html,
2024-11-12 20:02:33,461 - WARNING - Failed to process comment URL http://newsvote.bbc.co.uk/mpapps/pagetools/print/news.bbc.co.uk/2/hi/science/nature/6983176.stm): 404 Client Error: Not Found for url: http://newsvote.bbc.co.uk/mpapps/pagetools/print/news.bbc.co.uk/2/hi/science/nature/6983176.stm)
2024-11-12 20:03:04,685 - WARNING - Failed to process comment URL http://newsvote.bbc.co.uk/mpapps/pagetools/print/news.bbc.co.uk/2/hi/science/nature/6983176.stm): 404 Client Error: Not Found for url: http://newsvote.bbc.co.uk/mpapps/pagetools/print/news.bbc.co.uk/2/hi/science/nature/6983176.stm)
2024-11-12 20:10:47,629 - INFO - Analysis complete - check scraping_results directory for reports
